<?xml version="1.0" encoding="UTF-8"?>
<!-- Generated by org.testng.reporters.JUnitXMLReporter -->
<testsuite hostname="DESKTOP-EQU2FBL" name="Surefire test" tests="5" failures="0" timestamp="23 Jun 2019 16:38:11 GMT" time="17.428" errors="0">
  <testcase name="Chrome" time="3.497" classname="com.selen.day1.ChromeTest"/>
  <testcase name="FirefoxTest" time="5.545" classname="com.selen.day1.ChromeTest"/>
  <testcase name="Click" time="3.016" classname="com.selen.day1.ClickTest"/>
  <testcase name="testcase" time="0.003" classname="log4j.LoggerControlTest"/>
  <testcase name="open" time="5.344" classname="test1.BrowserTest"/>
</testsuite> <!-- Surefire test -->
