<?xml version="1.0" encoding="UTF-8"?>
<testsuite xmlns:xsi="http://www.w3.org/2001/XMLSchema-instance" xsi:schemaLocation="https://maven.apache.org/surefire/maven-surefire-plugin/xsd/surefire-test-report.xsd" name="TestSuite" time="18.428" tests="5" errors="0" skipped="0" failures="0">
  <properties>
[...]
</properties>
  <testcase name="Chrome" classname="com.selen.day1.ChromeTest" time="3.497"/>
  <testcase name="FirefoxTest" classname="com.selen.day1.ChromeTest" time="5.545"/>
  <testcase name="Click" classname="com.selen.day1.ClickTest" time="3.016"/>
  <testcase name="testcase" classname="log4j.LoggerControlTest" time="0.003"/>
  <testcase name="open" classname="test1.BrowserTest" time="5.344"/>
</testsuite>